2019-05-29 11:22:44.229  INFO 10477 --- [main] c.b.fundoo.FundooNoteApplication         : Starting FundooNoteApplication on admin1-H110M-H with PID 10477 (/home/admin1/Documents/fundooNote/target/classes started by admin1 in /home/admin1/Documents/fundooNote)
2019-05-29 11:22:44.238  INFO 10477 --- [main] c.b.fundoo.FundooNoteApplication         : No active profile set, falling back to default profiles: default
2019-05-29 11:22:45.272  INFO 10477 --- [main] .s.d.r.c.RepositoryConfigurationDelegate : Bootstrapping Spring Data repositories in DEFAULT mode.
2019-05-29 11:22:45.401  INFO 10477 --- [main] .s.d.r.c.RepositoryConfigurationDelegate : Finished Spring Data repository scanning in 126ms. Found 3 repository interfaces.
2019-05-29 11:22:45.836  INFO 10477 --- [main] o.s.b.w.embedded.tomcat.TomcatWebServer  : Tomcat initialized with port(s): 8085 (http)
2019-05-29 11:22:45.855  INFO 10477 --- [main] o.apache.catalina.core.StandardService   : Starting service [Tomcat]
2019-05-29 11:22:45.855  INFO 10477 --- [main] org.apache.catalina.core.StandardEngine  : Starting Servlet engine: [Apache Tomcat/9.0.17]
2019-05-29 11:22:45.919  INFO 10477 --- [main] o.a.c.c.C.[Tomcat].[localhost].[/]       : Initializing Spring embedded WebApplicationContext
2019-05-29 11:22:45.920  INFO 10477 --- [main] o.s.web.context.ContextLoader            : Root WebApplicationContext: initialization completed in 1644 ms
2019-05-29 11:22:46.403  INFO 10477 --- [main] org.mongodb.driver.cluster               : Cluster created with settings {hosts=[localhost:27017], mode=MULTIPLE, requiredClusterType=UNKNOWN, serverSelectionTimeout='30000 ms', maxWaitQueueSize=500}
2019-05-29 11:22:46.403  INFO 10477 --- [main] org.mongodb.driver.cluster               : Adding discovered server localhost:27017 to client view of cluster
2019-05-29 11:22:46.435  INFO 10477 --- [cluster-ClusterId{value='5cee1e2e1bad0728ed2b189e', description='null'}-localhost:27017] org.mongodb.driver.connection            : Opened connection [connectionId{localValue:1, serverValue:5}] to localhost:27017
2019-05-29 11:22:46.438  INFO 10477 --- [cluster-ClusterId{value='5cee1e2e1bad0728ed2b189e', description='null'}-localhost:27017] org.mongodb.driver.cluster               : Monitor thread successfully connected to server with description ServerDescription{address=localhost:27017, type=STANDALONE, state=CONNECTED, ok=true, version=ServerVersion{versionList=[4, 0, 9]}, minWireVersion=0, maxWireVersion=7, maxDocumentSize=16777216, logicalSessionTimeoutMinutes=30, roundTripTimeNanos=1725643}
2019-05-29 11:22:46.438  INFO 10477 --- [cluster-ClusterId{value='5cee1e2e1bad0728ed2b189e', description='null'}-localhost:27017] org.mongodb.driver.cluster               : Discovered cluster type of STANDALONE
2019-05-29 11:22:46.611  INFO 10477 --- [main] m.c.i.MongoPersistentEntityIndexResolver : Found cycle for field '_id' in type 'Note' for path 'note -> label -> note'
2019-05-29 11:22:46.613  INFO 10477 --- [main] m.c.i.MongoPersistentEntityIndexResolver : Found cycle for field 'label' in type 'Note' for path 'note -> label -> note'
2019-05-29 11:22:46.614  INFO 10477 --- [main] m.c.i.MongoPersistentEntityIndexResolver : Found cycle for field '_id' in type 'Label' for path 'label -> note -> label'
2019-05-29 11:22:46.614  INFO 10477 --- [main] m.c.i.MongoPersistentEntityIndexResolver : Found cycle for field 'note' in type 'Label' for path 'label -> note -> label'
2019-05-29 11:22:46.745  INFO 10477 --- [main] org.mongodb.driver.connection            : Opened connection [connectionId{localValue:2, serverValue:6}] to localhost:27017
2019-05-29 11:22:48.484  INFO 10477 --- [main] o.s.s.concurrent.ThreadPoolTaskExecutor  : Initializing ExecutorService 'applicationTaskExecutor'
2019-05-29 11:22:48.678  INFO 10477 --- [main] d.s.w.p.DocumentationPluginsBootstrapper : Context refreshed
2019-05-29 11:22:48.709  INFO 10477 --- [main] d.s.w.p.DocumentationPluginsBootstrapper : Found 1 custom documentation plugin(s)
2019-05-29 11:22:48.718  INFO 10477 --- [main] s.d.s.w.s.ApiListingReferenceScanner     : Scanning for api listing references
2019-05-29 11:22:48.913  INFO 10477 --- [main] .d.s.w.r.o.CachingOperationNameGenerator : Generating unique operation named: deleteNoteUsingDELETE_1
2019-05-29 11:22:49.050  INFO 10477 --- [main] o.s.b.w.embedded.tomcat.TomcatWebServer  : Tomcat started on port(s): 8085 (http) with context path ''
2019-05-29 11:22:49.052  INFO 10477 --- [main] c.b.fundoo.FundooNoteApplication         : Started FundooNoteApplication in 5.165 seconds (JVM running for 6.74)
2019-05-29 11:23:05.674  INFO 10477 --- [http-nio-8085-exec-2] o.a.c.c.C.[Tomcat].[localhost].[/]       : Initializing Spring DispatcherServlet 'dispatcherServlet'
2019-05-29 11:23:05.675  INFO 10477 --- [http-nio-8085-exec-2] o.s.web.servlet.DispatcherServlet        : Initializing Servlet 'dispatcherServlet'
2019-05-29 11:23:05.764  INFO 10477 --- [http-nio-8085-exec-2] o.s.web.servlet.DispatcherServlet        : Completed initialization in 88 ms
2019-05-29 11:43:55.094  INFO 10477 --- [RMI TCP Connection(2)-127.0.0.1] inMXBeanRegistrar$SpringApplicationAdmin : Application shutdown requested.
2019-05-29 11:43:55.156  INFO 10477 --- [RMI TCP Connection(2)-127.0.0.1] o.s.s.concurrent.ThreadPoolTaskExecutor  : Shutting down ExecutorService 'applicationTaskExecutor'
2019-05-29 11:43:55.199  INFO 10477 --- [RMI TCP Connection(2)-127.0.0.1] org.mongodb.driver.connection            : Closed connection [connectionId{localValue:2, serverValue:6}] to localhost:27017 because the pool has been closed.
2019-05-29 11:44:10.682  INFO 11700 --- [main] c.b.fundoo.FundooNoteApplication         : Starting FundooNoteApplication on admin1-H110M-H with PID 11700 (/home/admin1/Documents/fundooNote/target/classes started by admin1 in /home/admin1/Documents/fundooNote)
2019-05-29 11:44:10.711  INFO 11700 --- [main] c.b.fundoo.FundooNoteApplication         : No active profile set, falling back to default profiles: default
2019-05-29 11:44:13.479  INFO 11700 --- [main] .s.d.r.c.RepositoryConfigurationDelegate : Bootstrapping Spring Data repositories in DEFAULT mode.
2019-05-29 11:44:13.604  INFO 11700 --- [main] .s.d.r.c.RepositoryConfigurationDelegate : Finished Spring Data repository scanning in 104ms. Found 3 repository interfaces.
2019-05-29 11:44:14.907  INFO 11700 --- [main] o.s.b.w.embedded.tomcat.TomcatWebServer  : Tomcat initialized with port(s): 8085 (http)
2019-05-29 11:44:15.000  INFO 11700 --- [main] o.apache.catalina.core.StandardService   : Starting service [Tomcat]
2019-05-29 11:44:15.001  INFO 11700 --- [main] org.apache.catalina.core.StandardEngine  : Starting Servlet engine: [Apache Tomcat/9.0.17]
2019-05-29 11:44:15.133  INFO 11700 --- [main] o.a.c.c.C.[Tomcat].[localhost].[/]       : Initializing Spring embedded WebApplicationContext
2019-05-29 11:44:15.134  INFO 11700 --- [main] o.s.web.context.ContextLoader            : Root WebApplicationContext: initialization completed in 4188 ms
2019-05-29 11:44:17.006  INFO 11700 --- [main] org.mongodb.driver.cluster               : Cluster created with settings {hosts=[localhost:27017], mode=MULTIPLE, requiredClusterType=UNKNOWN, serverSelectionTimeout='30000 ms', maxWaitQueueSize=500}
2019-05-29 11:44:17.006  INFO 11700 --- [main] org.mongodb.driver.cluster               : Adding discovered server localhost:27017 to client view of cluster
2019-05-29 11:44:17.467  INFO 11700 --- [cluster-ClusterId{value='5cee23391bad072db46e630a', description='null'}-localhost:27017] org.mongodb.driver.connection            : Opened connection [connectionId{localValue:1, serverValue:7}] to localhost:27017
2019-05-29 11:44:17.475  INFO 11700 --- [cluster-ClusterId{value='5cee23391bad072db46e630a', description='null'}-localhost:27017] org.mongodb.driver.cluster               : Monitor thread successfully connected to server with description ServerDescription{address=localhost:27017, type=STANDALONE, state=CONNECTED, ok=true, version=ServerVersion{versionList=[4, 0, 9]}, minWireVersion=0, maxWireVersion=7, maxDocumentSize=16777216, logicalSessionTimeoutMinutes=30, roundTripTimeNanos=4822492}
2019-05-29 11:44:17.477  INFO 11700 --- [cluster-ClusterId{value='5cee23391bad072db46e630a', description='null'}-localhost:27017] org.mongodb.driver.cluster               : Discovered cluster type of STANDALONE
2019-05-29 11:44:18.200  INFO 11700 --- [main] m.c.i.MongoPersistentEntityIndexResolver : Found cycle for field '_id' in type 'Label' for path 'label -> note -> label'
2019-05-29 11:44:18.203  INFO 11700 --- [main] m.c.i.MongoPersistentEntityIndexResolver : Found cycle for field 'note' in type 'Label' for path 'label -> note -> label'
2019-05-29 11:44:18.204  INFO 11700 --- [main] m.c.i.MongoPersistentEntityIndexResolver : Found cycle for field '_id' in type 'Note' for path 'note -> label -> note'
2019-05-29 11:44:18.204  INFO 11700 --- [main] m.c.i.MongoPersistentEntityIndexResolver : Found cycle for field 'label' in type 'Note' for path 'note -> label -> note'
2019-05-29 11:44:18.266  INFO 11700 --- [main] org.mongodb.driver.connection            : Opened connection [connectionId{localValue:2, serverValue:8}] to localhost:27017
2019-05-29 11:44:19.499  INFO 11700 --- [main] o.s.s.concurrent.ThreadPoolTaskExecutor  : Initializing ExecutorService 'applicationTaskExecutor'
2019-05-29 11:44:19.775  INFO 11700 --- [main] d.s.w.p.DocumentationPluginsBootstrapper : Context refreshed
2019-05-29 11:44:19.816  INFO 11700 --- [main] d.s.w.p.DocumentationPluginsBootstrapper : Found 1 custom documentation plugin(s)
2019-05-29 11:44:19.838  INFO 11700 --- [main] s.d.s.w.s.ApiListingReferenceScanner     : Scanning for api listing references
2019-05-29 11:44:20.030  INFO 11700 --- [main] .d.s.w.r.o.CachingOperationNameGenerator : Generating unique operation named: deleteNoteUsingDELETE_1
2019-05-29 11:44:20.128  INFO 11700 --- [main] o.s.b.w.embedded.tomcat.TomcatWebServer  : Tomcat started on port(s): 8085 (http) with context path ''
2019-05-29 11:44:20.130  INFO 11700 --- [main] c.b.fundoo.FundooNoteApplication         : Started FundooNoteApplication in 10.866 seconds (JVM running for 11.618)
2019-05-29 11:45:18.154  INFO 11700 --- [http-nio-8085-exec-1] o.a.c.c.C.[Tomcat].[localhost].[/]       : Initializing Spring DispatcherServlet 'dispatcherServlet'
2019-05-29 11:45:18.154  INFO 11700 --- [http-nio-8085-exec-1] o.s.web.servlet.DispatcherServlet        : Initializing Servlet 'dispatcherServlet'
2019-05-29 11:45:18.159  INFO 11700 --- [http-nio-8085-exec-1] o.s.web.servlet.DispatcherServlet        : Completed initialization in 5 ms
2019-05-29 11:48:08.678  INFO 11700 --- [RMI TCP Connection(2)-127.0.0.1] inMXBeanRegistrar$SpringApplicationAdmin : Application shutdown requested.
2019-05-29 11:48:08.685  INFO 11700 --- [RMI TCP Connection(2)-127.0.0.1] o.s.s.concurrent.ThreadPoolTaskExecutor  : Shutting down ExecutorService 'applicationTaskExecutor'
2019-05-29 11:48:08.690  INFO 11700 --- [RMI TCP Connection(2)-127.0.0.1] org.mongodb.driver.connection            : Closed connection [connectionId{localValue:2, serverValue:8}] to localhost:27017 because the pool has been closed.
2019-05-29 11:48:09.955  INFO 11954 --- [main] c.b.fundoo.FundooNoteApplication         : Starting FundooNoteApplication on admin1-H110M-H with PID 11954 (/home/admin1/Documents/fundooNote/target/classes started by admin1 in /home/admin1/Documents/fundooNote)
2019-05-29 11:48:09.960  INFO 11954 --- [main] c.b.fundoo.FundooNoteApplication         : No active profile set, falling back to default profiles: default
2019-05-29 11:48:10.555  INFO 11954 --- [main] .s.d.r.c.RepositoryConfigurationDelegate : Bootstrapping Spring Data repositories in DEFAULT mode.
2019-05-29 11:48:10.606  INFO 11954 --- [main] .s.d.r.c.RepositoryConfigurationDelegate : Finished Spring Data repository scanning in 48ms. Found 3 repository interfaces.
2019-05-29 11:48:10.988  INFO 11954 --- [main] o.s.b.w.embedded.tomcat.TomcatWebServer  : Tomcat initialized with port(s): 8085 (http)
2019-05-29 11:48:11.006  INFO 11954 --- [main] o.apache.catalina.core.StandardService   : Starting service [Tomcat]
2019-05-29 11:48:11.006  INFO 11954 --- [main] org.apache.catalina.core.StandardEngine  : Starting Servlet engine: [Apache Tomcat/9.0.17]
2019-05-29 11:48:11.073  INFO 11954 --- [main] o.a.c.c.C.[Tomcat].[localhost].[/]       : Initializing Spring embedded WebApplicationContext
2019-05-29 11:48:11.073  INFO 11954 --- [main] o.s.web.context.ContextLoader            : Root WebApplicationContext: initialization completed in 1088 ms
2019-05-29 11:48:11.479  INFO 11954 --- [main] org.mongodb.driver.cluster               : Cluster created with settings {hosts=[localhost:27017], mode=MULTIPLE, requiredClusterType=UNKNOWN, serverSelectionTimeout='30000 ms', maxWaitQueueSize=500}
2019-05-29 11:48:11.479  INFO 11954 --- [main] org.mongodb.driver.cluster               : Adding discovered server localhost:27017 to client view of cluster
2019-05-29 11:48:11.512  INFO 11954 --- [cluster-ClusterId{value='5cee24231bad072eb2828f93', description='null'}-localhost:27017] org.mongodb.driver.connection            : Opened connection [connectionId{localValue:1, serverValue:9}] to localhost:27017
2019-05-29 11:48:11.515  INFO 11954 --- [cluster-ClusterId{value='5cee24231bad072eb2828f93', description='null'}-localhost:27017] org.mongodb.driver.cluster               : Monitor thread successfully connected to server with description ServerDescription{address=localhost:27017, type=STANDALONE, state=CONNECTED, ok=true, version=ServerVersion{versionList=[4, 0, 9]}, minWireVersion=0, maxWireVersion=7, maxDocumentSize=16777216, logicalSessionTimeoutMinutes=30, roundTripTimeNanos=1552704}
2019-05-29 11:48:11.515  INFO 11954 --- [cluster-ClusterId{value='5cee24231bad072eb2828f93', description='null'}-localhost:27017] org.mongodb.driver.cluster               : Discovered cluster type of STANDALONE
2019-05-29 11:48:11.644  INFO 11954 --- [main] m.c.i.MongoPersistentEntityIndexResolver : Found cycle for field '_id' in type 'Label' for path 'label -> note -> label'
2019-05-29 11:48:11.646  INFO 11954 --- [main] m.c.i.MongoPersistentEntityIndexResolver : Found cycle for field 'note' in type 'Label' for path 'label -> note -> label'
2019-05-29 11:48:11.647  INFO 11954 --- [main] m.c.i.MongoPersistentEntityIndexResolver : Found cycle for field '_id' in type 'Note' for path 'note -> label -> note'
2019-05-29 11:48:11.647  INFO 11954 --- [main] m.c.i.MongoPersistentEntityIndexResolver : Found cycle for field 'label' in type 'Note' for path 'note -> label -> note'
2019-05-29 11:48:11.664  INFO 11954 --- [main] org.mongodb.driver.connection            : Opened connection [connectionId{localValue:2, serverValue:10}] to localhost:27017
2019-05-29 11:48:12.231  INFO 11954 --- [main] o.s.s.concurrent.ThreadPoolTaskExecutor  : Initializing ExecutorService 'applicationTaskExecutor'
2019-05-29 11:48:12.459  INFO 11954 --- [main] d.s.w.p.DocumentationPluginsBootstrapper : Context refreshed
2019-05-29 11:48:12.471  INFO 11954 --- [main] d.s.w.p.DocumentationPluginsBootstrapper : Found 1 custom documentation plugin(s)
2019-05-29 11:48:12.481  INFO 11954 --- [main] s.d.s.w.s.ApiListingReferenceScanner     : Scanning for api listing references
2019-05-29 11:48:12.672  INFO 11954 --- [main] .d.s.w.r.o.CachingOperationNameGenerator : Generating unique operation named: deleteNoteUsingDELETE_1
2019-05-29 11:48:12.766  INFO 11954 --- [main] o.s.b.w.embedded.tomcat.TomcatWebServer  : Tomcat started on port(s): 8085 (http) with context path ''
2019-05-29 11:48:12.767  INFO 11954 --- [main] c.b.fundoo.FundooNoteApplication         : Started FundooNoteApplication in 3.082 seconds (JVM running for 3.552)
2019-05-29 16:03:32.756  INFO 11954 --- [RMI TCP Connection(2)-127.0.0.1] inMXBeanRegistrar$SpringApplicationAdmin : Application shutdown requested.
2019-05-29 16:03:32.770  INFO 11954 --- [RMI TCP Connection(2)-127.0.0.1] o.s.s.concurrent.ThreadPoolTaskExecutor  : Shutting down ExecutorService 'applicationTaskExecutor'
2019-05-29 16:03:32.777  INFO 11954 --- [RMI TCP Connection(2)-127.0.0.1] org.mongodb.driver.connection            : Closed connection [connectionId{localValue:2, serverValue:10}] to localhost:27017 because the pool has been closed.
2019-05-29 16:03:33.888  INFO 18460 --- [main] c.b.fundoo.FundooNoteApplication         : Starting FundooNoteApplication on admin1-H110M-H with PID 18460 (/home/admin1/Documents/fundooNote/target/classes started by admin1 in /home/admin1/Documents/fundooNote)
2019-05-29 16:03:33.890  INFO 18460 --- [main] c.b.fundoo.FundooNoteApplication         : No active profile set, falling back to default profiles: default
2019-05-29 16:03:34.477  INFO 18460 --- [main] .s.d.r.c.RepositoryConfigurationDelegate : Bootstrapping Spring Data repositories in DEFAULT mode.
2019-05-29 16:03:34.532  INFO 18460 --- [main] .s.d.r.c.RepositoryConfigurationDelegate : Finished Spring Data repository scanning in 51ms. Found 3 repository interfaces.
2019-05-29 16:03:34.927  INFO 18460 --- [main] o.s.b.w.embedded.tomcat.TomcatWebServer  : Tomcat initialized with port(s): 8085 (http)
2019-05-29 16:03:34.945  INFO 18460 --- [main] o.apache.catalina.core.StandardService   : Starting service [Tomcat]
2019-05-29 16:03:34.945  INFO 18460 --- [main] org.apache.catalina.core.StandardEngine  : Starting Servlet engine: [Apache Tomcat/9.0.17]
2019-05-29 16:03:35.012  INFO 18460 --- [main] o.a.c.c.C.[Tomcat].[localhost].[/]       : Initializing Spring embedded WebApplicationContext
2019-05-29 16:03:35.012  INFO 18460 --- [main] o.s.web.context.ContextLoader            : Root WebApplicationContext: initialization completed in 1087 ms
2019-05-29 16:03:35.408  INFO 18460 --- [main] org.mongodb.driver.cluster               : Cluster created with settings {hosts=[localhost:27017], mode=MULTIPLE, requiredClusterType=UNKNOWN, serverSelectionTimeout='30000 ms', maxWaitQueueSize=500}
2019-05-29 16:03:35.408  INFO 18460 --- [main] org.mongodb.driver.cluster               : Adding discovered server localhost:27017 to client view of cluster
2019-05-29 16:03:35.437  INFO 18460 --- [cluster-ClusterId{value='5cee5fff1bad07481ccb1c10', description='null'}-localhost:27017] org.mongodb.driver.connection            : Opened connection [connectionId{localValue:1, serverValue:11}] to localhost:27017
2019-05-29 16:03:35.439  INFO 18460 --- [cluster-ClusterId{value='5cee5fff1bad07481ccb1c10', description='null'}-localhost:27017] org.mongodb.driver.cluster               : Monitor thread successfully connected to server with description ServerDescription{address=localhost:27017, type=STANDALONE, state=CONNECTED, ok=true, version=ServerVersion{versionList=[4, 0, 9]}, minWireVersion=0, maxWireVersion=7, maxDocumentSize=16777216, logicalSessionTimeoutMinutes=30, roundTripTimeNanos=1466986}
2019-05-29 16:03:35.440  INFO 18460 --- [cluster-ClusterId{value='5cee5fff1bad07481ccb1c10', description='null'}-localhost:27017] org.mongodb.driver.cluster               : Discovered cluster type of STANDALONE
2019-05-29 16:03:35.555  INFO 18460 --- [main] m.c.i.MongoPersistentEntityIndexResolver : Found cycle for field '_id' in type 'Label' for path 'label -> note -> label'
2019-05-29 16:03:35.556  INFO 18460 --- [main] m.c.i.MongoPersistentEntityIndexResolver : Found cycle for field 'note' in type 'Label' for path 'label -> note -> label'
2019-05-29 16:03:35.557  INFO 18460 --- [main] m.c.i.MongoPersistentEntityIndexResolver : Found cycle for field '_id' in type 'Note' for path 'note -> label -> note'
2019-05-29 16:03:35.557  INFO 18460 --- [main] m.c.i.MongoPersistentEntityIndexResolver : Found cycle for field 'label' in type 'Note' for path 'note -> label -> note'
2019-05-29 16:03:35.573  INFO 18460 --- [main] org.mongodb.driver.connection            : Opened connection [connectionId{localValue:2, serverValue:12}] to localhost:27017
2019-05-29 16:03:36.052  INFO 18460 --- [main] o.s.s.concurrent.ThreadPoolTaskExecutor  : Initializing ExecutorService 'applicationTaskExecutor'
2019-05-29 16:03:36.257  INFO 18460 --- [main] d.s.w.p.DocumentationPluginsBootstrapper : Context refreshed
2019-05-29 16:03:36.266  INFO 18460 --- [main] d.s.w.p.DocumentationPluginsBootstrapper : Found 1 custom documentation plugin(s)
2019-05-29 16:03:36.276  INFO 18460 --- [main] s.d.s.w.s.ApiListingReferenceScanner     : Scanning for api listing references
2019-05-29 16:03:36.462  INFO 18460 --- [main] .d.s.w.r.o.CachingOperationNameGenerator : Generating unique operation named: deleteNoteUsingDELETE_1
2019-05-29 16:03:36.566  INFO 18460 --- [main] o.s.b.w.embedded.tomcat.TomcatWebServer  : Tomcat started on port(s): 8085 (http) with context path ''
2019-05-29 16:03:36.568  INFO 18460 --- [main] c.b.fundoo.FundooNoteApplication         : Started FundooNoteApplication in 2.911 seconds (JVM running for 3.234)
2019-05-29 19:18:58.446  INFO 18460 --- [RMI TCP Connection(2)-127.0.0.1] inMXBeanRegistrar$SpringApplicationAdmin : Application shutdown requested.
2019-05-29 19:18:58.474  INFO 18460 --- [RMI TCP Connection(2)-127.0.0.1] o.s.s.concurrent.ThreadPoolTaskExecutor  : Shutting down ExecutorService 'applicationTaskExecutor'
2019-05-29 19:18:58.494  INFO 18460 --- [RMI TCP Connection(2)-127.0.0.1] org.mongodb.driver.connection            : Closed connection [connectionId{localValue:2, serverValue:12}] to localhost:27017 because the pool has been closed.
